<?xml version="1.0" encoding="UTF-8"?>
<testsuite xmlns:xsi="http://www.w3.org/2001/XMLSchema-instance" xsi:noNamespaceSchemaLocation="https://maven.apache.org/surefire/maven-surefire-plugin/xsd/surefire-test-report.xsd" name="org.peanutvideo.util.PINGeneratorTest" time="0.112" tests="1" errors="0" skipped="0" failures="0">
  <properties>
    <property name="sun.desktop" value="windows"/>
    <property name="awt.toolkit" value="sun.awt.windows.WToolkit"/>
    <property name="file.encoding.pkg" value="sun.io"/>
    <property name="java.specification.version" value="1.8"/>
    <property name="sun.cpu.isalist" value="amd64"/>
    <property name="sun.jnu.encoding" value="GBK"/>
    <property name="java.class.path" value="E:\WeChatVideoProjects\PeanutVideo-V1.0\common\target\test-classes;E:\WeChatVideoProjects\PeanutVideo-V1.0\common\target\classes;E:\apache-maven-3.5.4-bin\repository\org\springframework\spring-context-support\5.2.8.RELEASE\spring-context-support-5.2.8.RELEASE.jar;E:\apache-maven-3.5.4-bin\repository\org\springframework\spring-beans\5.2.8.RELEASE\spring-beans-5.2.8.RELEASE.jar;E:\apache-maven-3.5.4-bin\repository\org\springframework\spring-context\5.2.8.RELEASE\spring-context-5.2.8.RELEASE.jar;E:\apache-maven-3.5.4-bin\repository\org\springframework\spring-aop\5.2.8.RELEASE\spring-aop-5.2.8.RELEASE.jar;E:\apache-maven-3.5.4-bin\repository\org\springframework\spring-expression\5.2.8.RELEASE\spring-expression-5.2.8.RELEASE.jar;E:\apache-maven-3.5.4-bin\repository\org\springframework\spring-core\5.2.8.RELEASE\spring-core-5.2.8.RELEASE.jar;E:\apache-maven-3.5.4-bin\repository\org\springframework\spring-jcl\5.2.8.RELEASE\spring-jcl-5.2.8.RELEASE.jar;E:\apache-maven-3.5.4-bin\repository\org\mybatis\spring\boot\mybatis-spring-boot-starter\1.3.2\mybatis-spring-boot-starter-1.3.2.jar;E:\apache-maven-3.5.4-bin\repository\org\springframework\boot\spring-boot-starter\2.3.2.RELEASE\spring-boot-starter-2.3.2.RELEASE.jar;E:\apache-maven-3.5.4-bin\repository\org\springframework\boot\spring-boot\2.3.2.RELEASE\spring-boot-2.3.2.RELEASE.jar;E:\apache-maven-3.5.4-bin\repository\org\springframework\boot\spring-boot-autoconfigure\2.3.2.RELEASE\spring-boot-autoconfigure-2.3.2.RELEASE.jar;E:\apache-maven-3.5.4-bin\repository\org\springframework\boot\spring-boot-starter-logging\2.3.2.RELEASE\spring-boot-starter-logging-2.3.2.RELEASE.jar;E:\apache-maven-3.5.4-bin\repository\ch\qos\logback\logback-classic\1.2.3\logback-classic-1.2.3.jar;E:\apache-maven-3.5.4-bin\repository\ch\qos\logback\logback-core\1.2.3\logback-core-1.2.3.jar;E:\apache-maven-3.5.4-bin\repository\org\apache\logging\log4j\log4j-to-slf4j\2.13.3\log4j-to-slf4j-2.13.3.jar;E:\apache-maven-3.5.4-bin\repository\org\apache\logging\log4j\log4j-api\2.13.3\log4j-api-2.13.3.jar;E:\apache-maven-3.5.4-bin\repository\org\slf4j\jul-to-slf4j\1.7.30\jul-to-slf4j-1.7.30.jar;E:\apache-maven-3.5.4-bin\repository\jakarta\annotation\jakarta.annotation-api\1.3.5\jakarta.annotation-api-1.3.5.jar;E:\apache-maven-3.5.4-bin\repository\org\yaml\snakeyaml\1.26\snakeyaml-1.26.jar;E:\apache-maven-3.5.4-bin\repository\org\springframework\boot\spring-boot-starter-jdbc\2.3.2.RELEASE\spring-boot-starter-jdbc-2.3.2.RELEASE.jar;E:\apache-maven-3.5.4-bin\repository\com\zaxxer\HikariCP\3.4.5\HikariCP-3.4.5.jar;E:\apache-maven-3.5.4-bin\repository\org\springframework\spring-jdbc\5.2.8.RELEASE\spring-jdbc-5.2.8.RELEASE.jar;E:\apache-maven-3.5.4-bin\repository\org\springframework\spring-tx\5.2.8.RELEASE\spring-tx-5.2.8.RELEASE.jar;E:\apache-maven-3.5.4-bin\repository\org\mybatis\spring\boot\mybatis-spring-boot-autoconfigure\1.3.2\mybatis-spring-boot-autoconfigure-1.3.2.jar;E:\apache-maven-3.5.4-bin\repository\org\mybatis\mybatis\3.4.6\mybatis-3.4.6.jar;E:\apache-maven-3.5.4-bin\repository\org\mybatis\mybatis-spring\1.3.2\mybatis-spring-1.3.2.jar;E:\apache-maven-3.5.4-bin\repository\org\apache\commons\commons-lang3\3.10\commons-lang3-3.10.jar;E:\apache-maven-3.5.4-bin\repository\io\springfox\springfox-swagger2\2.9.2\springfox-swagger2-2.9.2.jar;E:\apache-maven-3.5.4-bin\repository\io\swagger\swagger-annotations\1.5.20\swagger-annotations-1.5.20.jar;E:\apache-maven-3.5.4-bin\repository\io\swagger\swagger-models\1.5.20\swagger-models-1.5.20.jar;E:\apache-maven-3.5.4-bin\repository\com\fasterxml\jackson\core\jackson-annotations\2.11.1\jackson-annotations-2.11.1.jar;E:\apache-maven-3.5.4-bin\repository\io\springfox\springfox-spi\2.9.2\springfox-spi-2.9.2.jar;E:\apache-maven-3.5.4-bin\repository\io\springfox\springfox-core\2.9.2\springfox-core-2.9.2.jar;E:\apache-maven-3.5.4-bin\repository\net\bytebuddy\byte-buddy\1.10.13\byte-buddy-1.10.13.jar;E:\apache-maven-3.5.4-bin\repository\io\springfox\springfox-schema\2.9.2\springfox-schema-2.9.2.jar;E:\apache-maven-3.5.4-bin\repository\io\springfox\springfox-swagger-common\2.9.2\springfox-swagger-common-2.9.2.jar;E:\apache-maven-3.5.4-bin\repository\io\springfox\springfox-spring-web\2.9.2\springfox-spring-web-2.9.2.jar;E:\apache-maven-3.5.4-bin\repository\com\google\guava\guava\20.0\guava-20.0.jar;E:\apache-maven-3.5.4-bin\repository\com\fasterxml\classmate\1.5.1\classmate-1.5.1.jar;E:\apache-maven-3.5.4-bin\repository\org\slf4j\slf4j-api\1.7.30\slf4j-api-1.7.30.jar;E:\apache-maven-3.5.4-bin\repository\org\springframework\plugin\spring-plugin-core\1.2.0.RELEASE\spring-plugin-core-1.2.0.RELEASE.jar;E:\apache-maven-3.5.4-bin\repository\org\springframework\plugin\spring-plugin-metadata\1.2.0.RELEASE\spring-plugin-metadata-1.2.0.RELEASE.jar;E:\apache-maven-3.5.4-bin\repository\org\mapstruct\mapstruct\1.2.0.Final\mapstruct-1.2.0.Final.jar;E:\apache-maven-3.5.4-bin\repository\io\springfox\springfox-swagger-ui\2.9.2\springfox-swagger-ui-2.9.2.jar;E:\apache-maven-3.5.4-bin\repository\junit\junit\4.12\junit-4.12.jar;E:\apache-maven-3.5.4-bin\repository\org\hamcrest\hamcrest-core\2.2\hamcrest-core-2.2.jar;E:\apache-maven-3.5.4-bin\repository\org\hamcrest\hamcrest\2.2\hamcrest-2.2.jar;"/>
    <property name="java.vm.vendor" value="Oracle Corporation"/>
    <property name="sun.arch.data.model" value="64"/>
    <property name="user.variant" value=""/>
    <property name="java.vendor.url" value="http://java.oracle.com/"/>
    <property name="user.timezone" value="Asia/Shanghai"/>
    <property name="java.vm.specification.version" value="1.8"/>
    <property name="os.name" value="Windows 10"/>
    <property name="user.country" value="CN"/>
    <property name="sun.java.launcher" value="SUN_STANDARD"/>
    <property name="sun.boot.library.path" value="D:\Java\jdk1.8.0_202\jre\bin"/>
    <property name="sun.java.command" value="C:\Users\ddpapa\AppData\Local\Temp\surefire1243826527341129572\surefirebooter804170923791781842.jar C:\Users\ddpapa\AppData\Local\Temp\surefire1243826527341129572 2021-02-09T21-28-36_415-jvmRun1 surefire3622133724683149078tmp surefire_03269509238260801840tmp"/>
    <property name="surefire.test.class.path" value="E:\WeChatVideoProjects\PeanutVideo-V1.0\common\target\test-classes;E:\WeChatVideoProjects\PeanutVideo-V1.0\common\target\classes;E:\apache-maven-3.5.4-bin\repository\org\springframework\spring-context-support\5.2.8.RELEASE\spring-context-support-5.2.8.RELEASE.jar;E:\apache-maven-3.5.4-bin\repository\org\springframework\spring-beans\5.2.8.RELEASE\spring-beans-5.2.8.RELEASE.jar;E:\apache-maven-3.5.4-bin\repository\org\springframework\spring-context\5.2.8.RELEASE\spring-context-5.2.8.RELEASE.jar;E:\apache-maven-3.5.4-bin\repository\org\springframework\spring-aop\5.2.8.RELEASE\spring-aop-5.2.8.RELEASE.jar;E:\apache-maven-3.5.4-bin\repository\org\springframework\spring-expression\5.2.8.RELEASE\spring-expression-5.2.8.RELEASE.jar;E:\apache-maven-3.5.4-bin\repository\org\springframework\spring-core\5.2.8.RELEASE\spring-core-5.2.8.RELEASE.jar;E:\apache-maven-3.5.4-bin\repository\org\springframework\spring-jcl\5.2.8.RELEASE\spring-jcl-5.2.8.RELEASE.jar;E:\apache-maven-3.5.4-bin\repository\org\mybatis\spring\boot\mybatis-spring-boot-starter\1.3.2\mybatis-spring-boot-starter-1.3.2.jar;E:\apache-maven-3.5.4-bin\repository\org\springframework\boot\spring-boot-starter\2.3.2.RELEASE\spring-boot-starter-2.3.2.RELEASE.jar;E:\apache-maven-3.5.4-bin\repository\org\springframework\boot\spring-boot\2.3.2.RELEASE\spring-boot-2.3.2.RELEASE.jar;E:\apache-maven-3.5.4-bin\repository\org\springframework\boot\spring-boot-autoconfigure\2.3.2.RELEASE\spring-boot-autoconfigure-2.3.2.RELEASE.jar;E:\apache-maven-3.5.4-bin\repository\org\springframework\boot\spring-boot-starter-logging\2.3.2.RELEASE\spring-boot-starter-logging-2.3.2.RELEASE.jar;E:\apache-maven-3.5.4-bin\repository\ch\qos\logback\logback-classic\1.2.3\logback-classic-1.2.3.jar;E:\apache-maven-3.5.4-bin\repository\ch\qos\logback\logback-core\1.2.3\logback-core-1.2.3.jar;E:\apache-maven-3.5.4-bin\repository\org\apache\logging\log4j\log4j-to-slf4j\2.13.3\log4j-to-slf4j-2.13.3.jar;E:\apache-maven-3.5.4-bin\repository\org\apache\logging\log4j\log4j-api\2.13.3\log4j-api-2.13.3.jar;E:\apache-maven-3.5.4-bin\repository\org\slf4j\jul-to-slf4j\1.7.30\jul-to-slf4j-1.7.30.jar;E:\apache-maven-3.5.4-bin\repository\jakarta\annotation\jakarta.annotation-api\1.3.5\jakarta.annotation-api-1.3.5.jar;E:\apache-maven-3.5.4-bin\repository\org\yaml\snakeyaml\1.26\snakeyaml-1.26.jar;E:\apache-maven-3.5.4-bin\repository\org\springframework\boot\spring-boot-starter-jdbc\2.3.2.RELEASE\spring-boot-starter-jdbc-2.3.2.RELEASE.jar;E:\apache-maven-3.5.4-bin\repository\com\zaxxer\HikariCP\3.4.5\HikariCP-3.4.5.jar;E:\apache-maven-3.5.4-bin\repository\org\springframework\spring-jdbc\5.2.8.RELEASE\spring-jdbc-5.2.8.RELEASE.jar;E:\apache-maven-3.5.4-bin\repository\org\springframework\spring-tx\5.2.8.RELEASE\spring-tx-5.2.8.RELEASE.jar;E:\apache-maven-3.5.4-bin\repository\org\mybatis\spring\boot\mybatis-spring-boot-autoconfigure\1.3.2\mybatis-spring-boot-autoconfigure-1.3.2.jar;E:\apache-maven-3.5.4-bin\repository\org\mybatis\mybatis\3.4.6\mybatis-3.4.6.jar;E:\apache-maven-3.5.4-bin\repository\org\mybatis\mybatis-spring\1.3.2\mybatis-spring-1.3.2.jar;E:\apache-maven-3.5.4-bin\repository\org\apache\commons\commons-lang3\3.10\commons-lang3-3.10.jar;E:\apache-maven-3.5.4-bin\repository\io\springfox\springfox-swagger2\2.9.2\springfox-swagger2-2.9.2.jar;E:\apache-maven-3.5.4-bin\repository\io\swagger\swagger-annotations\1.5.20\swagger-annotations-1.5.20.jar;E:\apache-maven-3.5.4-bin\repository\io\swagger\swagger-models\1.5.20\swagger-models-1.5.20.jar;E:\apache-maven-3.5.4-bin\repository\com\fasterxml\jackson\core\jackson-annotations\2.11.1\jackson-annotations-2.11.1.jar;E:\apache-maven-3.5.4-bin\repository\io\springfox\springfox-spi\2.9.2\springfox-spi-2.9.2.jar;E:\apache-maven-3.5.4-bin\repository\io\springfox\springfox-core\2.9.2\springfox-core-2.9.2.jar;E:\apache-maven-3.5.4-bin\repository\net\bytebuddy\byte-buddy\1.10.13\byte-buddy-1.10.13.jar;E:\apache-maven-3.5.4-bin\repository\io\springfox\springfox-schema\2.9.2\springfox-schema-2.9.2.jar;E:\apache-maven-3.5.4-bin\repository\io\springfox\springfox-swagger-common\2.9.2\springfox-swagger-common-2.9.2.jar;E:\apache-maven-3.5.4-bin\repository\io\springfox\springfox-spring-web\2.9.2\springfox-spring-web-2.9.2.jar;E:\apache-maven-3.5.4-bin\repository\com\google\guava\guava\20.0\guava-20.0.jar;E:\apache-maven-3.5.4-bin\repository\com\fasterxml\classmate\1.5.1\classmate-1.5.1.jar;E:\apache-maven-3.5.4-bin\repository\org\slf4j\slf4j-api\1.7.30\slf4j-api-1.7.30.jar;E:\apache-maven-3.5.4-bin\repository\org\springframework\plugin\spring-plugin-core\1.2.0.RELEASE\spring-plugin-core-1.2.0.RELEASE.jar;E:\apache-maven-3.5.4-bin\repository\org\springframework\plugin\spring-plugin-metadata\1.2.0.RELEASE\spring-plugin-metadata-1.2.0.RELEASE.jar;E:\apache-maven-3.5.4-bin\repository\org\mapstruct\mapstruct\1.2.0.Final\mapstruct-1.2.0.Final.jar;E:\apache-maven-3.5.4-bin\repository\io\springfox\springfox-swagger-ui\2.9.2\springfox-swagger-ui-2.9.2.jar;E:\apache-maven-3.5.4-bin\repository\junit\junit\4.12\junit-4.12.jar;E:\apache-maven-3.5.4-bin\repository\org\hamcrest\hamcrest-core\2.2\hamcrest-core-2.2.jar;E:\apache-maven-3.5.4-bin\repository\org\hamcrest\hamcrest\2.2\hamcrest-2.2.jar;"/>
    <property name="sun.cpu.endian" value="little"/>
    <property name="user.home" value="C:\Users\ddpapa"/>
    <property name="user.language" value="zh"/>
    <property name="java.specification.vendor" value="Oracle Corporation"/>
    <property name="java.home" value="D:\Java\jdk1.8.0_202\jre"/>
    <property name="basedir" value="E:\WeChatVideoProjects\PeanutVideo-V1.0\common"/>
    <property name="file.separator" value="\"/>
    <property name="line.separator" value="&#10;"/>
    <property name="java.vm.specification.vendor" value="Oracle Corporation"/>
    <property name="java.specification.name" value="Java Platform API Specification"/>
    <property name="java.awt.graphicsenv" value="sun.awt.Win32GraphicsEnvironment"/>
    <property name="surefire.real.class.path" value="C:\Users\ddpapa\AppData\Local\Temp\surefire1243826527341129572\surefirebooter804170923791781842.jar"/>
    <property name="sun.boot.class.path" value="D:\Java\jdk1.8.0_202\jre\lib\resources.jar;D:\Java\jdk1.8.0_202\jre\lib\rt.jar;D:\Java\jdk1.8.0_202\jre\lib\sunrsasign.jar;D:\Java\jdk1.8.0_202\jre\lib\jsse.jar;D:\Java\jdk1.8.0_202\jre\lib\jce.jar;D:\Java\jdk1.8.0_202\jre\lib\charsets.jar;D:\Java\jdk1.8.0_202\jre\lib\jfr.jar;D:\Java\jdk1.8.0_202\jre\classes"/>
    <property name="user.script" value=""/>
    <property name="sun.management.compiler" value="HotSpot 64-Bit Tiered Compilers"/>
    <property name="java.runtime.version" value="1.8.0_202-b08"/>
    <property name="user.name" value="ddpapa"/>
    <property name="path.separator" value=";"/>
    <property name="os.version" value="10.0"/>
    <property name="java.endorsed.dirs" value="D:\Java\jdk1.8.0_202\jre\lib\endorsed"/>
    <property name="java.runtime.name" value="Java(TM) SE Runtime Environment"/>
    <property name="file.encoding" value="GBK"/>
    <property name="java.vm.name" value="Java HotSpot(TM) 64-Bit Server VM"/>
    <property name="localRepository" value="E:\apache-maven-3.5.4-bin\repository"/>
    <property name="java.vendor.url.bug" value="http://bugreport.sun.com/bugreport/"/>
    <property name="java.io.tmpdir" value="C:\Users\ddpapa\AppData\Local\Temp\"/>
    <property name="idea.version" value="2020.3"/>
    <property name="java.version" value="1.8.0_202"/>
    <property name="user.dir" value="E:\WeChatVideoProjects\PeanutVideo-V1.0\common"/>
    <property name="os.arch" value="amd64"/>
    <property name="java.vm.specification.name" value="Java Virtual Machine Specification"/>
    <property name="java.awt.printerjob" value="sun.awt.windows.WPrinterJob"/>
    <property name="sun.os.patch.level" value=""/>
    <property name="java.library.path" value="D:\Java\jdk1.8.0_202\jre\bin;C:\Windows\Sun\Java\bin;C:\Windows\system32;C:\Windows;D:\VMware\VMware Workstation\bin\;C:\Program Files (x86)\Common Files\Oracle\Java\javapath;D:\java\jdk1.8.0_202\bin;D:\Git\cmd;D:\nodejs\;C:\Windows\system32;C:\Windows\system32;C:\Windows;C:\Windows\System32\Wbem;C:\Windows\System32\WindowsPowerShell\v1.0\;C:\Windows\System32\OpenSSH\;E:\apache-maven-3.6.3-bin\apache-maven-3.6.3\bin;C:\Program Files\MySQL\MySQL Shell 8.0\bin\;C:\Users\ddpapa\AppData\Local\Microsoft\WindowsApps;C:\Program Files\Bandizip\;D:\Microsoft VS Code\bin;C:\Users\ddpapa\AppData\Roaming\npm;;C:\Users\ddpapa\AppData\Local\Programs\Fiddler;%USERPROFILE%\AppData\Local\Microsoft\WindowsApps;."/>
    <property name="java.vm.info" value="mixed mode"/>
    <property name="java.vendor" value="Oracle Corporation"/>
    <property name="java.vm.version" value="25.202-b08"/>
    <property name="java.ext.dirs" value="D:\Java\jdk1.8.0_202\jre\lib\ext;C:\Windows\Sun\Java\lib\ext"/>
    <property name="sun.io.unicode.encoding" value="UnicodeLittle"/>
    <property name="java.class.version" value="52.0"/>
  </properties>
  <testcase name="getCode" classname="org.peanutvideo.util.PINGeneratorTest" time="0.005"/>
</testsuite>